1610991837117	geckodriver	INFO	Listening on 127.0.0.1:55673
1610991837130	mozrunner::runner	INFO	Running command: "/usr/bin/firefox" "--marionette" "-foreground" "-no-remote" "-profile" "/tmp/rust_mozprofileSLTrgo"
console.warn: SearchSettings: "get: No settings file exists, new profile?" (new Error("", "(unknown module)"))
1610991841794	Marionette	INFO	Listening on port 32893
1610991841915	Marionette	WARN	TLS certificate errors will be ignored for this session
1610991860510	Marionette	INFO	Stopped listening on port 32893
1611061666772	geckodriver	INFO	Listening on 127.0.0.1:46691
1611061667771	mozrunner::runner	INFO	Running command: "/usr/bin/firefox" "--marionette" "-foreground" "-no-remote" "-profile" "/tmp/rust_mozprofileIKohQU"
console.warn: SearchSettings: "get: No settings file exists, new profile?" (new Error("", "(unknown module)"))
1611061672332	Marionette	INFO	Listening on port 42771
1611061672446	Marionette	WARN	TLS certificate errors will be ignored for this session
1611061699438	Marionette	INFO	Stopped listening on port 42771
1611137022011	geckodriver	INFO	Listening on 127.0.0.1:36271
1611137023012	mozrunner::runner	INFO	Running command: "/usr/bin/firefox" "--marionette" "-foreground" "-no-remote" "-profile" "/tmp/rust_mozprofileFbcz7r"
console.warn: SearchSettings: "get: No settings file exists, new profile?" (new Error("", "(unknown module)"))
1611137027392	Marionette	INFO	Listening on port 37985
1611137027488	Marionette	WARN	TLS certificate errors will be ignored for this session
1611137027680	Marionette	INFO	Stopped listening on port 37985
JavaScript error: resource://activity-stream/lib/ASRouter.jsm, line 987: NS_ERROR_ILLEGAL_VALUE: Component returned failure code: 0x80070057 (NS_ERROR_ILLEGAL_VALUE) [nsIObserverService.removeObserver]
console.error: Region.jsm: "Error fetching region" (new TypeError("NetworkError when attempting to fetch resource.", ""))
console.error: Region.jsm: "Failed to fetch region" (new Error("NO_RESULT", "resource://gre/modules/Region.jsm", 376))
console.error: services.settings: 
  main/message-groups Signature failed  TypeError: NetworkError when attempting to fetch resource.
console.error: services.settings: 
  main/fxmonitor-breaches Signature failed  Error: Shutdown, aborting read-only worker requests.
1611137121453	geckodriver	INFO	Listening on 127.0.0.1:55001
1611137121462	mozrunner::runner	INFO	Running command: "/usr/bin/firefox" "--marionette" "-foreground" "-no-remote" "-profile" "/tmp/rust_mozprofileNf6cyx"
console.warn: SearchSettings: "get: No settings file exists, new profile?" (new Error("", "(unknown module)"))
1611137125317	Marionette	INFO	Listening on port 46073
1611137125447	Marionette	WARN	TLS certificate errors will be ignored for this session
1611137131225	Marionette	INFO	Stopped listening on port 46073
1611137194231	geckodriver	INFO	Listening on 127.0.0.1:49867
1611137194238	mozrunner::runner	INFO	Running command: "/usr/bin/firefox" "--marionette" "-foreground" "-no-remote" "-profile" "/tmp/rust_mozprofilepBO0js"
console.warn: SearchSettings: "get: No settings file exists, new profile?" (new Error("", "(unknown module)"))
1611137198504	Marionette	INFO	Listening on port 40983
1611137198598	Marionette	WARN	TLS certificate errors will be ignored for this session
1611137262300	Marionette	INFO	Stopped listening on port 40983
1611137516337	geckodriver	INFO	Listening on 127.0.0.1:57203
1611137516345	mozrunner::runner	INFO	Running command: "/usr/bin/firefox" "--marionette" "-foreground" "-no-remote" "-profile" "/tmp/rust_mozprofile2ZfjtX"
console.warn: SearchSettings: "get: No settings file exists, new profile?" (new Error("", "(unknown module)"))
1611137520356	Marionette	INFO	Listening on port 39857
1611137520502	Marionette	WARN	TLS certificate errors will be ignored for this session
1611137526231	Marionette	INFO	Stopped listening on port 39857

###!!! [Parent][RunMessage] Error: Channel closing: too late to send/recv, messages will be lost

1611137551570	geckodriver	INFO	Listening on 127.0.0.1:59683
1611137551581	mozrunner::runner	INFO	Running command: "/usr/bin/firefox" "--marionette" "-foreground" "-no-remote" "-profile" "/tmp/rust_mozprofilez1Bxmh"
console.warn: SearchSettings: "get: No settings file exists, new profile?" (new Error("", "(unknown module)"))
1611137555427	Marionette	INFO	Listening on port 42781
1611137555553	Marionette	WARN	TLS certificate errors will be ignored for this session
1611137561336	Marionette	INFO	Stopped listening on port 42781

###!!! [Parent][RunMessage] Error: Channel closing: too late to send/recv, messages will be lost

1611147229932	geckodriver	INFO	Listening on 127.0.0.1:43595
1611147229942	mozrunner::runner	INFO	Running command: "/usr/bin/firefox" "--marionette" "-foreground" "-no-remote" "-profile" "/tmp/rust_mozprofileDgrVB9"
console.warn: SearchSettings: "get: No settings file exists, new profile?" (new Error("", "(unknown module)"))
1611147234431	Marionette	INFO	Listening on port 34599
1611147234541	Marionette	WARN	TLS certificate errors will be ignored for this session
1611147240568	Marionette	INFO	Stopped listening on port 34599
1611147403437	geckodriver	INFO	Listening on 127.0.0.1:38161
1611147403450	mozrunner::runner	INFO	Running command: "/usr/bin/firefox" "--marionette" "-foreground" "-no-remote" "-profile" "/tmp/rust_mozprofileiNK9GS"
console.warn: SearchSettings: "get: No settings file exists, new profile?" (new Error("", "(unknown module)"))
1611147407553	Marionette	INFO	Listening on port 37975
1611147407627	Marionette	WARN	TLS certificate errors will be ignored for this session
1611147413771	Marionette	INFO	Stopped listening on port 37975
1611147640478	geckodriver	INFO	Listening on 127.0.0.1:35167
1611147640485	mozrunner::runner	INFO	Running command: "/usr/bin/firefox" "--marionette" "-foreground" "-no-remote" "-profile" "/tmp/rust_mozprofileIs6Lqd"
console.warn: SearchSettings: "get: No settings file exists, new profile?" (new Error("", "(unknown module)"))
1611147644455	Marionette	INFO	Listening on port 35463
1611147644535	Marionette	WARN	TLS certificate errors will be ignored for this session
1611147651726	Marionette	INFO	Stopped listening on port 35463

###!!! [Parent][RunMessage] Error: Channel closing: too late to send/recv, messages will be lost

1611147687147	geckodriver	INFO	Listening on 127.0.0.1:37619
1611147687152	mozrunner::runner	INFO	Running command: "/usr/bin/firefox" "--marionette" "-foreground" "-no-remote" "-profile" "/tmp/rust_mozprofilejzqRNo"
console.warn: SearchSettings: "get: No settings file exists, new profile?" (new Error("", "(unknown module)"))
1611147691060	Marionette	INFO	Listening on port 43221
1611147691121	Marionette	WARN	TLS certificate errors will be ignored for this session
1611147698826	Marionette	INFO	Stopped listening on port 43221
1611147805320	geckodriver	INFO	Listening on 127.0.0.1:32877
1611147805327	mozrunner::runner	INFO	Running command: "/usr/bin/firefox" "--marionette" "-foreground" "-no-remote" "-profile" "/tmp/rust_mozprofilef1Lysv"
console.warn: SearchSettings: "get: No settings file exists, new profile?" (new Error("", "(unknown module)"))
1611147809426	Marionette	INFO	Listening on port 40445
1611147809509	Marionette	WARN	TLS certificate errors will be ignored for this session
1611147815350	Marionette	INFO	Stopped listening on port 40445

###!!! [Parent][RunMessage] Error: Channel closing: too late to send/recv, messages will be lost

1613410883592	geckodriver	INFO	Listening on 127.0.0.1:58777
1613410884586	mozrunner::runner	INFO	Running command: "/usr/bin/firefox" "--marionette" "-foreground" "-no-remote" "-profile" "/tmp/rust_mozprofiledKqGYd"
console.warn: SearchSettings: "get: No settings file exists, new profile?" (new Error("", "(unknown module)"))
console.warn: SearchSettings: "get: No settings file exists, new profile?" (new Error("", "(unknown module)"))
1613410889658	Marionette	INFO	Listening on port 43123
1613410889776	Marionette	WARN	TLS certificate errors will be ignored for this session
1613410889809	Marionette	ERROR	[15] No reply from Marionette:Register
1613410896618	Marionette	INFO	Stopped listening on port 43123

###!!! [Parent][RunMessage] Error: Channel closing: too late to send/recv, messages will be lost

1613410906889	geckodriver	INFO	Listening on 127.0.0.1:50631
1613410906898	mozrunner::runner	INFO	Running command: "/usr/bin/firefox" "--marionette" "-foreground" "-no-remote" "-profile" "/tmp/rust_mozprofiletSblbY"
console.warn: SearchSettings: "get: No settings file exists, new profile?" (new Error("", "(unknown module)"))
console.warn: SearchSettings: "get: No settings file exists, new profile?" (new Error("", "(unknown module)"))
1613410911341	Marionette	INFO	Listening on port 41747
1613410911466	Marionette	WARN	TLS certificate errors will be ignored for this session
1613410911491	Marionette	ERROR	[15] No reply from Marionette:Register
1613410919530	Marionette	INFO	Stopped listening on port 41747
